WeatherApplication/app/build/intermediates/manifest_merge_blame_file/debug/manifest-merger-blame-debug-report.txt
1<?xml version="1.0" encoding="utf-8"?>
2<manifest xmlns:android="http://schemas.android.com/apk/res/android"
3    package="com.example.weatherapplication"
4    android:versionCode="1"
5    android:versionName="1.0" >
6
7    <uses-sdk
8        android:minSdkVersion="24"
9        android:targetSdkVersion="34" />
10
11    <uses-permission android:name="android.permission.ACCESS_FINE_LOCATION" />
11-->src\main\AndroidManifest.xml:5:5-79
11-->src\main\AndroidManifest.xml:5:22-76
12    <uses-permission android:name="android.permission. ACCESS_COARSE_LOCATION" />
12-->src\main\AndroidManifest.xml:6:5-82
12-->src\main\AndroidManifest.xml:6:22-79
13    <uses-permission android:name="android.permission.INTERNET" />
13-->src\main\AndroidManifest.xml:7:5-67
13-->src\main\AndroidManifest.xml:7:22-64
14
15    <permission
15-->[androidx.core:core:1.10.0] AndroidManifest.xml:22:5-24:47
16        android:name="com.example.weatherapplication.DYNAMIC_RECEIVER_NOT_EXPORTED_PERMISSION"
16-->[androidx.core:core:1.10.0] AndroidManifest.xml:23:9-81
17        android:protectionLevel="signature" />
17-->[androidx.core:core:1.10.0] AndroidManifest.xml:24:9-44
18
19    <uses-permission android:name="com.example.weatherapplication.DYNAMIC_RECEIVER_NOT_EXPORTED_PERMISSION" />
19-->[androidx.core:core:1.10.0] AndroidManifest.xml:26:5-97
19-->[androidx.core:core:1.10.0] AndroidManifest.xml:26:22-94
20
21    <application
21-->src\main\AndroidManifest.xml:9:5-34:19
22        android:allowBackup="true"
22-->src\main\AndroidManifest.xml:10:9-35
23        android:appComponentFactory="androidx.core.app.CoreComponentFactory"
23-->[androidx.core:core:1.10.0] AndroidManifest.xml:28:18-86
24        android:dataExtractionRules="@xml/data_extraction_rules"
24-->src\main\AndroidManifest.xml:11:9-65
25        android:debuggable="true"
26        android:extractNativeLibs="false"
27        android:fullBackupContent="@xml/backup_rules"
27-->src\main\AndroidManifest.xml:12:9-54
28        android:icon="@mipmap/ic_launcher"
28-->src\main\AndroidManifest.xml:13:9-43
29        android:label="@string/app_name"
29-->src\main\AndroidManifest.xml:14:9-41
30        android:roundIcon="@mipmap/ic_launcher_round"
30-->src\main\AndroidManifest.xml:15:9-54
31        android:supportsRtl="true"
31-->src\main\AndroidManifest.xml:16:9-35
32        android:testOnly="true"
33        android:theme="@style/Theme.WeatherApplication" >
33-->src\main\AndroidManifest.xml:17:9-56
34        <activity
34-->src\main\AndroidManifest.xml:19:9-22:60
35            android:name="com.example.weatherapplication.ui.login.LoginActivity"
35-->src\main\AndroidManifest.xml:20:13-51
36            android:exported="false"
36-->src\main\AndroidManifest.xml:21:13-37
37            android:label="@string/title_activity_login" />
37-->src\main\AndroidManifest.xml:22:13-57
38        <activity
38-->src\main\AndroidManifest.xml:23:9-33:20
39            android:name="com.example.weatherapplication.MainActivity"
39-->src\main\AndroidManifest.xml:24:13-41
40            android:exported="true"
40-->src\main\AndroidManifest.xml:25:13-36
41            android:label="@string/app_name"
41-->src\main\AndroidManifest.xml:26:13-45
42            android:theme="@style/Theme.WeatherApplication" >
42-->src\main\AndroidManifest.xml:27:13-60
43            <intent-filter>
43-->src\main\AndroidManifest.xml:28:13-32:29
44                <action android:name="android.intent.action.MAIN" />
44-->src\main\AndroidManifest.xml:29:17-69
44-->src\main\AndroidManifest.xml:29:25-66
45
46                <category android:name="android.intent.category.LAUNCHER" />
46-->src\main\AndroidManifest.xml:31:17-77
46-->src\main\AndroidManifest.xml:31:27-74
47            </intent-filter>
48        </activity>
49        <activity
49-->[androidx.compose.ui:ui-tooling-android:1.5.0] AndroidManifest.xml:23:9-25:39
50            android:name="androidx.compose.ui.tooling.PreviewActivity"
50-->[androidx.compose.ui:ui-tooling-android:1.5.0] AndroidManifest.xml:24:13-71
51            android:exported="true" />
51-->[androidx.compose.ui:ui-tooling-android:1.5.0] AndroidManifest.xml:25:13-36
52        <activity
52-->[androidx.compose.ui:ui-test-manifest:1.5.0] AndroidManifest.xml:23:9-25:39
53            android:name="androidx.activity.ComponentActivity"
53-->[androidx.compose.ui:ui-test-manifest:1.5.0] AndroidManifest.xml:24:13-63
54            android:exported="true" />
54-->[androidx.compose.ui:ui-test-manifest:1.5.0] AndroidManifest.xml:25:13-36
55        <activity
55-->[com.google.android.gms:play-services-base:17.5.0] AndroidManifest.xml:23:9-26:75
56            android:name="com.google.android.gms.common.api.GoogleApiActivity"
56-->[com.google.android.gms:play-services-base:17.5.0] AndroidManifest.xml:24:13-79
57            android:exported="false"
57-->[com.google.android.gms:play-services-base:17.5.0] AndroidManifest.xml:25:13-37
58            android:theme="@android:style/Theme.Translucent.NoTitleBar" />
58-->[com.google.android.gms:play-services-base:17.5.0] AndroidManifest.xml:26:13-72
59
60        <meta-data
60-->[com.google.android.gms:play-services-basement:17.5.0] AndroidManifest.xml:23:9-25:69
61            android:name="com.google.android.gms.version"
61-->[com.google.android.gms:play-services-basement:17.5.0] AndroidManifest.xml:24:13-58
62            android:value="@integer/google_play_services_version" />
62-->[com.google.android.gms:play-services-basement:17.5.0] AndroidManifest.xml:25:13-66
63
64        <provider
64-->[androidx.emoji2:emoji2:1.4.0] AndroidManifest.xml:24:9-32:20
65            android:name="androidx.startup.InitializationProvider"
65-->[androidx.emoji2:emoji2:1.4.0] AndroidManifest.xml:25:13-67
66            android:authorities="com.example.weatherapplication.androidx-startup"
66-->[androidx.emoji2:emoji2:1.4.0] AndroidManifest.xml:26:13-68
67            android:exported="false" >
67-->[androidx.emoji2:emoji2:1.4.0] AndroidManifest.xml:27:13-37
68            <meta-data
68-->[androidx.emoji2:emoji2:1.4.0] AndroidManifest.xml:29:13-31:52
69                android:name="androidx.emoji2.text.EmojiCompatInitializer"
69-->[androidx.emoji2:emoji2:1.4.0] AndroidManifest.xml:30:17-75
70                android:value="androidx.startup" />
70-->[androidx.emoji2:emoji2:1.4.0] AndroidManifest.xml:31:17-49
71            <meta-data
71-->[androidx.lifecycle:lifecycle-process:2.6.1] AndroidManifest.xml:29:13-31:52
72                android:name="androidx.lifecycle.ProcessLifecycleInitializer"
72-->[androidx.lifecycle:lifecycle-process:2.6.1] AndroidManifest.xml:30:17-78
73                android:value="androidx.startup" />
73-->[androidx.lifecycle:lifecycle-process:2.6.1] AndroidManifest.xml:31:17-49
74            <meta-data
74-->[androidx.profileinstaller:profileinstaller:1.3.0] AndroidManifest.xml:29:13-31:52
75                android:name="androidx.profileinstaller.ProfileInstallerInitializer"
75-->[androidx.profileinstaller:profileinstaller:1.3.0] AndroidManifest.xml:30:17-85
76                android:value="androidx.startup" />
76-->[androidx.profileinstaller:profileinstaller:1.3.0] AndroidManifest.xml:31:17-49
77        </provider>
78
79        <receiver
79-->[androidx.profileinstaller:profileinstaller:1.3.0] AndroidManifest.xml:34:9-52:20
80            android:name="androidx.profileinstaller.ProfileInstallReceiver"
80-->[androidx.profileinstaller:profileinstaller:1.3.0] AndroidManifest.xml:35:13-76
81            android:directBootAware="false"
81-->[androidx.profileinstaller:profileinstaller:1.3.0] AndroidManifest.xml:36:13-44
82            android:enabled="true"
82-->[androidx.profileinstaller:profileinstaller:1.3.0] AndroidManifest.xml:37:13-35
83            android:exported="true"
83-->[androidx.profileinstaller:profileinstaller:1.3.0] AndroidManifest.xml:38:13-36
84            android:permission="android.permission.DUMP" >
84-->[androidx.profileinstaller:profileinstaller:1.3.0] AndroidManifest.xml:39:13-57
85            <intent-filter>
85-->[androidx.profileinstaller:profileinstaller:1.3.0] AndroidManifest.xml:40:13-42:29
86                <action android:name="androidx.profileinstaller.action.INSTALL_PROFILE" />
86-->[androidx.profileinstaller:profileinstaller:1.3.0] AndroidManifest.xml:41:17-91
86-->[androidx.profileinstaller:profileinstaller:1.3.0] AndroidManifest.xml:41:25-88
87            </intent-filter>
88            <intent-filter>
88-->[androidx.profileinstaller:profileinstaller:1.3.0] AndroidManifest.xml:43:13-45:29
89                <action android:name="androidx.profileinstaller.action.SKIP_FILE" />
89-->[androidx.profileinstaller:profileinstaller:1.3.0] AndroidManifest.xml:44:17-85
89-->[androidx.profileinstaller:profileinstaller:1.3.0] AndroidManifest.xml:44:25-82
90            </intent-filter>
91            <intent-filter>
91-->[androidx.profileinstaller:profileinstaller:1.3.0] AndroidManifest.xml:46:13-48:29
92                <action android:name="androidx.profileinstaller.action.SAVE_PROFILE" />
92-->[androidx.profileinstaller:profileinstaller:1.3.0] AndroidManifest.xml:47:17-88
92-->[androidx.profileinstaller:profileinstaller:1.3.0] AndroidManifest.xml:47:25-85
93            </intent-filter>
94            <intent-filter>
94-->[androidx.profileinstaller:profileinstaller:1.3.0] AndroidManifest.xml:49:13-51:29
95                <action android:name="androidx.profileinstaller.action.BENCHMARK_OPERATION" />
95-->[androidx.profileinstaller:profileinstaller:1.3.0] AndroidManifest.xml:50:17-95
95-->[androidx.profileinstaller:profileinstaller:1.3.0] AndroidManifest.xml:50:25-92
96            </intent-filter>
97        </receiver>
98    </application>
99
100</manifest>